2019-04-01 18:03:49,279 INFO o.a.j.u.JMeterUtils: Setting Locale to en_EN
2019-04-01 18:03:49,305 INFO o.a.j.JMeter: Loading user properties from: /opt/apache-jmeter-5.1.1/bin/user.properties
2019-04-01 18:03:49,306 INFO o.a.j.JMeter: Loading system properties from: /opt/apache-jmeter-5.1.1/bin/system.properties
2019-04-01 18:03:49,306 INFO o.a.j.JMeter: Setting System property: log_level.jmeter=DEBUG
2019-04-01 18:03:49,307 INFO o.a.j.JMeter: Setting JMeter property: CSVPATH=tests/homepage/test.json
2019-04-01 18:03:49,313 INFO o.a.j.JMeter: Copyright (c) 1998-2019 The Apache Software Foundation
2019-04-01 18:03:49,313 INFO o.a.j.JMeter: Version 5.1.1 r1855137
2019-04-01 18:03:49,313 INFO o.a.j.JMeter: java.version=1.8.0_201
2019-04-01 18:03:49,313 INFO o.a.j.JMeter: java.vm.name=OpenJDK 64-Bit Server VM
2019-04-01 18:03:49,313 INFO o.a.j.JMeter: os.name=Linux
2019-04-01 18:03:49,313 INFO o.a.j.JMeter: os.arch=amd64
2019-04-01 18:03:49,313 INFO o.a.j.JMeter: os.version=4.15.0-46-generic
2019-04-01 18:03:49,313 INFO o.a.j.JMeter: file.encoding=UTF-8
2019-04-01 18:03:49,314 INFO o.a.j.JMeter: java.awt.headless=null
2019-04-01 18:03:49,314 INFO o.a.j.JMeter: Max memory     =201326592
2019-04-01 18:03:49,314 INFO o.a.j.JMeter: Available Processors =2
2019-04-01 18:03:49,320 INFO o.a.j.JMeter: Default Locale=English (EN)
2019-04-01 18:03:49,320 INFO o.a.j.JMeter: JMeter  Locale=English (EN)
2019-04-01 18:03:49,320 INFO o.a.j.JMeter: JMeterHome=/opt/apache-jmeter-5.1.1
2019-04-01 18:03:49,320 INFO o.a.j.JMeter: user.dir  =/home/swarajthakur/docker/jmeter
2019-04-01 18:03:49,320 INFO o.a.j.JMeter: PWD       =/home/swarajthakur/docker/jmeter
2019-04-01 18:03:49,321 INFO o.a.j.JMeter: IP: 172.17.0.2 Name: c8d4f4b73824 FullName: c8d4f4b73824
2019-04-01 18:03:49,345 ERROR o.a.j.JMeter: An error occurred: 
java.awt.HeadlessException: 
No X11 DISPLAY variable was set, but this program performed an operation which requires it.
	at java.awt.GraphicsEnvironment.checkHeadless(GraphicsEnvironment.java:204) ~[?:1.8.0_201]
	at java.awt.Window.<init>(Window.java:536) ~[?:1.8.0_201]
	at java.awt.Frame.<init>(Frame.java:420) ~[?:1.8.0_201]
	at java.awt.Frame.<init>(Frame.java:385) ~[?:1.8.0_201]
	at javax.swing.SwingUtilities$SharedOwnerFrame.<init>(SwingUtilities.java:1762) ~[?:1.8.0_201]
	at javax.swing.SwingUtilities.getSharedOwnerFrame(SwingUtilities.java:1837) ~[?:1.8.0_201]
	at javax.swing.JWindow.<init>(JWindow.java:187) ~[?:1.8.0_201]
	at javax.swing.JWindow.<init>(JWindow.java:139) ~[?:1.8.0_201]
	at org.apache.jmeter.SplashScreen.<init>(SplashScreen.java:45) ~[ApacheJMeter_core.jar:5.1.1 r1855137]
	at org.apache.jmeter.JMeter.startGui(JMeter.java:375) ~[ApacheJMeter_core.jar:5.1.1 r1855137]
	at org.apache.jmeter.JMeter.start(JMeter.java:544) [ApacheJMeter_core.jar:5.1.1 r1855137]
	at sun.reflect.NativeMethodAccessorImpl.invoke0(Native Method) ~[?:1.8.0_201]
	at sun.reflect.NativeMethodAccessorImpl.invoke(NativeMethodAccessorImpl.java:62) ~[?:1.8.0_201]
	at sun.reflect.DelegatingMethodAccessorImpl.invoke(DelegatingMethodAccessorImpl.java:43) ~[?:1.8.0_201]
	at java.lang.reflect.Method.invoke(Method.java:498) ~[?:1.8.0_201]
	at org.apache.jmeter.NewDriver.main(NewDriver.java:253) [ApacheJMeter.jar:5.1.1 r1855137]
