AH00558: httpd: Could not reliably determine the server's fully qualified domain name, using 192.168.48.3. Set the 'ServerName' directive globally to suppress this message
[Mon Feb 04 15:47:57.941754 2019] [mpm_event:notice] [pid 1:tid 140218056025984] AH00489: Apache/2.4.20 (Unix) configured -- resuming normal operations
[Mon Feb 04 15:47:57.971794 2019] [mpm_event:info] [pid 1:tid 140218056025984] AH00490: Server built: Jun  7 2016 17:55:26
[Mon Feb 04 15:47:57.972225 2019] [core:notice] [pid 1:tid 140218056025984] AH00094: Command line: 'httpd -D FOREGROUND'
[Mon Feb 04 16:13:14.385715 2019] [core:info] [pid 1:tid 140218056025984] AH00096: removed PID file /usr/local/apache2/logs/httpd.pid (pid=1)
[Mon Feb 04 16:13:14.419085 2019] [mpm_event:notice] [pid 1:tid 140218056025984] AH00491: caught SIGTERM, shutting down
AH00558: httpd: Could not reliably determine the server's fully qualified domain name, using 192.168.80.3. Set the 'ServerName' directive globally to suppress this message
[Mon Feb 04 16:13:44.031322 2019] [mpm_event:notice] [pid 1:tid 140385036543872] AH00489: Apache/2.4.20 (Unix) configured -- resuming normal operations
[Mon Feb 04 16:13:44.051071 2019] [mpm_event:info] [pid 1:tid 140385036543872] AH00490: Server built: Jun  7 2016 17:55:26
[Mon Feb 04 16:13:44.053264 2019] [core:notice] [pid 1:tid 140385036543872] AH00094: Command line: 'httpd -D FOREGROUND'
[Mon Feb 04 16:28:21.127110 2019] [core:info] [pid 1:tid 140385036543872] AH00096: removed PID file /usr/local/apache2/logs/httpd.pid (pid=1)
[Mon Feb 04 16:28:21.128453 2019] [mpm_event:notice] [pid 1:tid 140385036543872] AH00491: caught SIGTERM, shutting down
AH00558: httpd: Could not reliably determine the server's fully qualified domain name, using 192.168.96.2. Set the 'ServerName' directive globally to suppress this message
[Mon Feb 04 16:32:10.736544 2019] [mpm_event:notice] [pid 1:tid 140396477863808] AH00489: Apache/2.4.20 (Unix) configured -- resuming normal operations
[Mon Feb 04 16:32:10.737214 2019] [mpm_event:info] [pid 1:tid 140396477863808] AH00490: Server built: Jun  7 2016 17:55:26
[Mon Feb 04 16:32:10.737748 2019] [core:notice] [pid 1:tid 140396477863808] AH00094: Command line: 'httpd -D FOREGROUND'
[Mon Feb 04 16:41:01.782296 2019] [core:info] [pid 1:tid 140396477863808] AH00096: removed PID file /usr/local/apache2/logs/httpd.pid (pid=1)
[Mon Feb 04 16:41:01.803292 2019] [mpm_event:notice] [pid 1:tid 140396477863808] AH00491: caught SIGTERM, shutting down
AH00558: httpd: Could not reliably determine the server's fully qualified domain name, using 192.168.112.2. Set the 'ServerName' directive globally to suppress this message
[Mon Feb 04 16:41:33.678742 2019] [mpm_event:notice] [pid 1:tid 140397584418688] AH00489: Apache/2.4.20 (Unix) configured -- resuming normal operations
[Mon Feb 04 16:41:33.682310 2019] [mpm_event:info] [pid 1:tid 140397584418688] AH00490: Server built: Jun  7 2016 17:55:26
[Mon Feb 04 16:41:33.685425 2019] [core:notice] [pid 1:tid 140397584418688] AH00094: Command line: 'httpd -D FOREGROUND'
[Mon Feb 04 16:55:51.554495 2019] [core:info] [pid 1:tid 140397584418688] AH00096: removed PID file /usr/local/apache2/logs/httpd.pid (pid=1)
[Mon Feb 04 16:55:51.573951 2019] [mpm_event:notice] [pid 1:tid 140397584418688] AH00491: caught SIGTERM, shutting down
AH00558: httpd: Could not reliably determine the server's fully qualified domain name, using 192.168.112.3. Set the 'ServerName' directive globally to suppress this message
[Mon Feb 04 17:10:40.635311 2019] [mpm_event:notice] [pid 1:tid 140080948270976] AH00489: Apache/2.4.20 (Unix) configured -- resuming normal operations
[Mon Feb 04 17:10:40.640828 2019] [mpm_event:info] [pid 1:tid 140080948270976] AH00490: Server built: Jun  7 2016 17:55:26
[Mon Feb 04 17:10:40.643898 2019] [core:notice] [pid 1:tid 140080948270976] AH00094: Command line: 'httpd -D FOREGROUND'
AH00558: httpd: Could not reliably determine the server's fully qualified domain name, using 192.168.128.3. Set the 'ServerName' directive globally to suppress this message
[Mon Feb 04 17:19:24.590557 2019] [mpm_event:notice] [pid 1:tid 140551696803712] AH00489: Apache/2.4.20 (Unix) configured -- resuming normal operations
[Mon Feb 04 17:19:24.594502 2019] [mpm_event:info] [pid 1:tid 140551696803712] AH00490: Server built: Jun  7 2016 17:55:26
[Mon Feb 04 17:19:24.610762 2019] [core:notice] [pid 1:tid 140551696803712] AH00094: Command line: 'httpd -D FOREGROUND'
[Mon Feb 04 17:21:44.713627 2019] [core:info] [pid 1:tid 140551696803712] AH00096: removed PID file /usr/local/apache2/logs/httpd.pid (pid=1)
[Mon Feb 04 17:21:44.714631 2019] [mpm_event:notice] [pid 1:tid 140551696803712] AH00491: caught SIGTERM, shutting down
AH00558: httpd: Could not reliably determine the server's fully qualified domain name, using 192.168.144.2. Set the 'ServerName' directive globally to suppress this message
[Mon Feb 04 17:22:10.256352 2019] [mpm_event:notice] [pid 1:tid 139716981585792] AH00489: Apache/2.4.20 (Unix) configured -- resuming normal operations
[Mon Feb 04 17:22:10.284918 2019] [mpm_event:info] [pid 1:tid 139716981585792] AH00490: Server built: Jun  7 2016 17:55:26
[Mon Feb 04 17:22:10.285641 2019] [core:notice] [pid 1:tid 139716981585792] AH00094: Command line: 'httpd -D FOREGROUND'
[Mon Feb 04 17:27:34.547345 2019] [core:info] [pid 1:tid 139716981585792] AH00096: removed PID file /usr/local/apache2/logs/httpd.pid (pid=1)
[Mon Feb 04 17:27:34.568124 2019] [mpm_event:notice] [pid 1:tid 139716981585792] AH00491: caught SIGTERM, shutting down
AH00558: httpd: Could not reliably determine the server's fully qualified domain name, using 192.168.160.3. Set the 'ServerName' directive globally to suppress this message
[Mon Feb 04 17:28:53.052542 2019] [mpm_event:notice] [pid 1:tid 140156022916992] AH00489: Apache/2.4.20 (Unix) configured -- resuming normal operations
[Mon Feb 04 17:28:53.057966 2019] [mpm_event:info] [pid 1:tid 140156022916992] AH00490: Server built: Jun  7 2016 17:55:26
[Mon Feb 04 17:28:53.058744 2019] [core:notice] [pid 1:tid 140156022916992] AH00094: Command line: 'httpd -D FOREGROUND'
AH00558: httpd: Could not reliably determine the server's fully qualified domain name, using 192.168.176.3. Set the 'ServerName' directive globally to suppress this message
[Mon Feb 04 17:56:02.225462 2019] [mpm_event:notice] [pid 1:tid 140383957890944] AH00489: Apache/2.4.20 (Unix) configured -- resuming normal operations
[Mon Feb 04 17:56:02.227569 2019] [mpm_event:info] [pid 1:tid 140383957890944] AH00490: Server built: Jun  7 2016 17:55:26
[Mon Feb 04 17:56:02.242160 2019] [core:notice] [pid 1:tid 140383957890944] AH00094: Command line: 'httpd -D FOREGROUND'
AH00558: httpd: Could not reliably determine the server's fully qualified domain name, using 192.168.192.2. Set the 'ServerName' directive globally to suppress this message
[Mon Feb 04 17:57:55.890874 2019] [mpm_event:notice] [pid 1:tid 139931321051008] AH00489: Apache/2.4.20 (Unix) configured -- resuming normal operations
[Mon Feb 04 17:57:55.891538 2019] [mpm_event:info] [pid 1:tid 139931321051008] AH00490: Server built: Jun  7 2016 17:55:26
[Mon Feb 04 17:57:55.891924 2019] [core:notice] [pid 1:tid 139931321051008] AH00094: Command line: 'httpd -D FOREGROUND'
AH00558: httpd: Could not reliably determine the server's fully qualified domain name, using 192.168.208.3. Set the 'ServerName' directive globally to suppress this message
[Mon Feb 04 18:01:18.966856 2019] [mpm_event:notice] [pid 1:tid 140211918165888] AH00489: Apache/2.4.20 (Unix) configured -- resuming normal operations
[Mon Feb 04 18:01:18.975293 2019] [mpm_event:info] [pid 1:tid 140211918165888] AH00490: Server built: Jun  7 2016 17:55:26
[Mon Feb 04 18:01:19.019507 2019] [core:notice] [pid 1:tid 140211918165888] AH00094: Command line: 'httpd -D FOREGROUND'
[Mon Feb 04 18:02:59.633118 2019] [core:info] [pid 1:tid 140211918165888] AH00096: removed PID file /usr/local/apache2/logs/httpd.pid (pid=1)
[Mon Feb 04 18:02:59.634090 2019] [mpm_event:notice] [pid 1:tid 140211918165888] AH00491: caught SIGTERM, shutting down
AH00558: httpd: Could not reliably determine the server's fully qualified domain name, using 192.168.208.2. Set the 'ServerName' directive globally to suppress this message
[Mon Feb 04 18:03:09.903252 2019] [mpm_event:notice] [pid 1:tid 139697643796352] AH00489: Apache/2.4.20 (Unix) configured -- resuming normal operations
[Mon Feb 04 18:03:09.930131 2019] [mpm_event:info] [pid 1:tid 139697643796352] AH00490: Server built: Jun  7 2016 17:55:26
[Mon Feb 04 18:03:09.930927 2019] [core:notice] [pid 1:tid 139697643796352] AH00094: Command line: 'httpd -D FOREGROUND'
[Mon Feb 04 18:10:24.533178 2019] [core:info] [pid 1:tid 139697643796352] AH00096: removed PID file /usr/local/apache2/logs/httpd.pid (pid=1)
[Mon Feb 04 18:10:24.537865 2019] [mpm_event:notice] [pid 1:tid 139697643796352] AH00491: caught SIGTERM, shutting down
AH00558: httpd: Could not reliably determine the server's fully qualified domain name, using 192.168.224.2. Set the 'ServerName' directive globally to suppress this message
[Mon Feb 04 18:11:06.034105 2019] [mpm_event:notice] [pid 1:tid 139738451810176] AH00489: Apache/2.4.20 (Unix) configured -- resuming normal operations
[Mon Feb 04 18:11:06.044524 2019] [mpm_event:info] [pid 1:tid 139738451810176] AH00490: Server built: Jun  7 2016 17:55:26
[Mon Feb 04 18:11:06.046217 2019] [core:notice] [pid 1:tid 139738451810176] AH00094: Command line: 'httpd -D FOREGROUND'
[Mon Feb 04 18:15:39.688154 2019] [core:info] [pid 1:tid 139738451810176] AH00096: removed PID file /usr/local/apache2/logs/httpd.pid (pid=1)
[Mon Feb 04 18:15:39.720292 2019] [mpm_event:notice] [pid 1:tid 139738451810176] AH00491: caught SIGTERM, shutting down
AH00558: httpd: Could not reliably determine the server's fully qualified domain name, using 192.168.240.2. Set the 'ServerName' directive globally to suppress this message
[Mon Feb 04 18:22:50.048880 2019] [mpm_event:notice] [pid 1:tid 140397900834688] AH00489: Apache/2.4.20 (Unix) configured -- resuming normal operations
[Mon Feb 04 18:22:50.056654 2019] [mpm_event:info] [pid 1:tid 140397900834688] AH00490: Server built: Jun  7 2016 17:55:26
[Mon Feb 04 18:22:50.083857 2019] [core:notice] [pid 1:tid 140397900834688] AH00094: Command line: 'httpd -D FOREGROUND'
[Mon Feb 04 18:28:43.647510 2019] [core:info] [pid 1:tid 140397900834688] AH00096: removed PID file /usr/local/apache2/logs/httpd.pid (pid=1)
[Mon Feb 04 18:28:43.666362 2019] [mpm_event:notice] [pid 1:tid 140397900834688] AH00491: caught SIGTERM, shutting down
AH00558: httpd: Could not reliably determine the server's fully qualified domain name, using 172.18.0.3. Set the 'ServerName' directive globally to suppress this message
[Mon Feb 04 18:29:59.612485 2019] [mpm_event:notice] [pid 1:tid 140254633195392] AH00489: Apache/2.4.20 (Unix) configured -- resuming normal operations
[Mon Feb 04 18:29:59.619300 2019] [mpm_event:info] [pid 1:tid 140254633195392] AH00490: Server built: Jun  7 2016 17:55:26
[Mon Feb 04 18:29:59.623306 2019] [core:notice] [pid 1:tid 140254633195392] AH00094: Command line: 'httpd -D FOREGROUND'
AH00558: httpd: Could not reliably determine the server's fully qualified domain name, using 172.19.0.2. Set the 'ServerName' directive globally to suppress this message
[Mon Feb 04 18:34:22.610431 2019] [mpm_event:notice] [pid 1:tid 140301202700160] AH00489: Apache/2.4.20 (Unix) configured -- resuming normal operations
[Mon Feb 04 18:34:22.611195 2019] [mpm_event:info] [pid 1:tid 140301202700160] AH00490: Server built: Jun  7 2016 17:55:26
[Mon Feb 04 18:34:22.611738 2019] [core:notice] [pid 1:tid 140301202700160] AH00094: Command line: 'httpd -D FOREGROUND'
AH00558: httpd: Could not reliably determine the server's fully qualified domain name, using 172.20.0.3. Set the 'ServerName' directive globally to suppress this message
[Mon Feb 04 18:38:58.028654 2019] [mpm_event:notice] [pid 1:tid 140448669177728] AH00489: Apache/2.4.20 (Unix) configured -- resuming normal operations
[Mon Feb 04 18:38:58.029315 2019] [mpm_event:info] [pid 1:tid 140448669177728] AH00490: Server built: Jun  7 2016 17:55:26
[Mon Feb 04 18:38:58.030027 2019] [core:notice] [pid 1:tid 140448669177728] AH00094: Command line: 'httpd -D FOREGROUND'
[Mon Feb 04 18:51:00.246378 2019] [core:info] [pid 1:tid 140448669177728] AH00096: removed PID file /usr/local/apache2/logs/httpd.pid (pid=1)
[Mon Feb 04 18:51:00.247002 2019] [mpm_event:notice] [pid 1:tid 140448669177728] AH00491: caught SIGTERM, shutting down
AH00558: httpd: Could not reliably determine the server's fully qualified domain name, using 172.21.0.3. Set the 'ServerName' directive globally to suppress this message
[Mon Feb 04 18:53:04.062892 2019] [mpm_event:notice] [pid 1:tid 139766033622912] AH00489: Apache/2.4.20 (Unix) configured -- resuming normal operations
[Mon Feb 04 18:53:04.071967 2019] [mpm_event:info] [pid 1:tid 139766033622912] AH00490: Server built: Jun  7 2016 17:55:26
[Mon Feb 04 18:53:04.074421 2019] [core:notice] [pid 1:tid 139766033622912] AH00094: Command line: 'httpd -D FOREGROUND'
[Mon Feb 04 18:57:45.998499 2019] [core:info] [pid 1:tid 139766033622912] AH00096: removed PID file /usr/local/apache2/logs/httpd.pid (pid=1)
[Mon Feb 04 18:57:46.002195 2019] [mpm_event:notice] [pid 1:tid 139766033622912] AH00491: caught SIGTERM, shutting down
AH00558: httpd: Could not reliably determine the server's fully qualified domain name, using 172.22.0.2. Set the 'ServerName' directive globally to suppress this message
[Mon Feb 04 18:58:05.546168 2019] [mpm_event:notice] [pid 1:tid 139650782197632] AH00489: Apache/2.4.20 (Unix) configured -- resuming normal operations
[Mon Feb 04 18:58:05.552876 2019] [mpm_event:info] [pid 1:tid 139650782197632] AH00490: Server built: Jun  7 2016 17:55:26
[Mon Feb 04 18:58:05.553805 2019] [core:notice] [pid 1:tid 139650782197632] AH00094: Command line: 'httpd -D FOREGROUND'
AH00558: httpd: Could not reliably determine the server's fully qualified domain name, using 172.23.0.3. Set the 'ServerName' directive globally to suppress this message
[Mon Feb 04 19:08:06.204060 2019] [mpm_event:notice] [pid 1:tid 139965293016960] AH00489: Apache/2.4.20 (Unix) configured -- resuming normal operations
[Mon Feb 04 19:08:06.210756 2019] [mpm_event:info] [pid 1:tid 139965293016960] AH00490: Server built: Jun  7 2016 17:55:26
[Mon Feb 04 19:08:06.211405 2019] [core:notice] [pid 1:tid 139965293016960] AH00094: Command line: 'httpd -D FOREGROUND'
[Mon Feb 04 19:15:48.212090 2019] [core:info] [pid 1:tid 139965293016960] AH00096: removed PID file /usr/local/apache2/logs/httpd.pid (pid=1)
[Mon Feb 04 19:15:48.212674 2019] [mpm_event:notice] [pid 1:tid 139965293016960] AH00491: caught SIGTERM, shutting down
AH00558: httpd: Could not reliably determine the server's fully qualified domain name, using 172.24.0.3. Set the 'ServerName' directive globally to suppress this message
[Mon Feb 04 19:17:34.192669 2019] [mpm_event:notice] [pid 1:tid 140158367868800] AH00489: Apache/2.4.20 (Unix) configured -- resuming normal operations
[Mon Feb 04 19:17:34.196772 2019] [mpm_event:info] [pid 1:tid 140158367868800] AH00490: Server built: Jun  7 2016 17:55:26
[Mon Feb 04 19:17:34.198879 2019] [core:notice] [pid 1:tid 140158367868800] AH00094: Command line: 'httpd -D FOREGROUND'
AH00558: httpd: Could not reliably determine the server's fully qualified domain name, using 172.25.0.2. Set the 'ServerName' directive globally to suppress this message
[Mon Feb 04 19:23:39.645535 2019] [mpm_event:notice] [pid 1:tid 139754251302784] AH00489: Apache/2.4.20 (Unix) configured -- resuming normal operations
[Mon Feb 04 19:23:39.650368 2019] [mpm_event:info] [pid 1:tid 139754251302784] AH00490: Server built: Jun  7 2016 17:55:26
[Mon Feb 04 19:23:39.652641 2019] [core:notice] [pid 1:tid 139754251302784] AH00094: Command line: 'httpd -D FOREGROUND'
AH00558: httpd: Could not reliably determine the server's fully qualified domain name, using 172.25.0.3. Set the 'ServerName' directive globally to suppress this message
[Mon Feb 04 19:24:46.263463 2019] [mpm_event:notice] [pid 1:tid 140534547724160] AH00489: Apache/2.4.20 (Unix) configured -- resuming normal operations
[Mon Feb 04 19:24:46.265224 2019] [mpm_event:info] [pid 1:tid 140534547724160] AH00490: Server built: Jun  7 2016 17:55:26
[Mon Feb 04 19:24:46.266232 2019] [core:notice] [pid 1:tid 140534547724160] AH00094: Command line: 'httpd -D FOREGROUND'
AH00558: httpd: Could not reliably determine the server's fully qualified domain name, using 172.25.0.3. Set the 'ServerName' directive globally to suppress this message
[Mon Feb 04 19:28:39.412699 2019] [mpm_event:notice] [pid 1:tid 139790919665536] AH00489: Apache/2.4.20 (Unix) configured -- resuming normal operations
[Mon Feb 04 19:28:39.415596 2019] [mpm_event:info] [pid 1:tid 139790919665536] AH00490: Server built: Jun  7 2016 17:55:26
[Mon Feb 04 19:28:39.416253 2019] [core:notice] [pid 1:tid 139790919665536] AH00094: Command line: 'httpd -D FOREGROUND'
[Mon Feb 04 19:44:47.398206 2019] [core:info] [pid 1:tid 139790919665536] AH00096: removed PID file /usr/local/apache2/logs/httpd.pid (pid=1)
[Mon Feb 04 19:44:47.415673 2019] [mpm_event:notice] [pid 1:tid 139790919665536] AH00491: caught SIGTERM, shutting down
AH00558: httpd: Could not reliably determine the server's fully qualified domain name, using 172.26.0.3. Set the 'ServerName' directive globally to suppress this message
[Mon Feb 04 19:46:37.868951 2019] [mpm_event:notice] [pid 1:tid 139971905308544] AH00489: Apache/2.4.20 (Unix) configured -- resuming normal operations
[Mon Feb 04 19:46:37.870655 2019] [mpm_event:info] [pid 1:tid 139971905308544] AH00490: Server built: Jun  7 2016 17:55:26
[Mon Feb 04 19:46:37.871392 2019] [core:notice] [pid 1:tid 139971905308544] AH00094: Command line: 'httpd -D FOREGROUND'
AH00558: httpd: Could not reliably determine the server's fully qualified domain name, using 172.27.0.2. Set the 'ServerName' directive globally to suppress this message
[Mon Feb 04 19:47:54.091351 2019] [mpm_event:notice] [pid 1:tid 139713003677568] AH00489: Apache/2.4.20 (Unix) configured -- resuming normal operations
[Mon Feb 04 19:47:54.094801 2019] [mpm_event:info] [pid 1:tid 139713003677568] AH00490: Server built: Jun  7 2016 17:55:26
[Mon Feb 04 19:47:54.095444 2019] [core:notice] [pid 1:tid 139713003677568] AH00094: Command line: 'httpd -D FOREGROUND'
AH00558: httpd: Could not reliably determine the server's fully qualified domain name, using 172.28.0.2. Set the 'ServerName' directive globally to suppress this message
[Mon Feb 04 19:53:10.082993 2019] [mpm_event:notice] [pid 1:tid 140186947282816] AH00489: Apache/2.4.20 (Unix) configured -- resuming normal operations
[Mon Feb 04 19:53:10.087099 2019] [mpm_event:info] [pid 1:tid 140186947282816] AH00490: Server built: Jun  7 2016 17:55:26
[Mon Feb 04 19:53:10.090388 2019] [core:notice] [pid 1:tid 140186947282816] AH00094: Command line: 'httpd -D FOREGROUND'
[Mon Feb 04 20:00:03.354771 2019] [core:info] [pid 1:tid 140186947282816] AH00096: removed PID file /usr/local/apache2/logs/httpd.pid (pid=1)
[Mon Feb 04 20:00:03.355537 2019] [mpm_event:notice] [pid 1:tid 140186947282816] AH00491: caught SIGTERM, shutting down
AH00558: httpd: Could not reliably determine the server's fully qualified domain name, using 172.29.0.3. Set the 'ServerName' directive globally to suppress this message
[Mon Feb 04 20:00:40.693913 2019] [mpm_event:notice] [pid 1:tid 140716288870272] AH00489: Apache/2.4.20 (Unix) configured -- resuming normal operations
[Mon Feb 04 20:00:40.709938 2019] [mpm_event:info] [pid 1:tid 140716288870272] AH00490: Server built: Jun  7 2016 17:55:26
[Mon Feb 04 20:00:40.711111 2019] [core:notice] [pid 1:tid 140716288870272] AH00094: Command line: 'httpd -D FOREGROUND'
[Mon Feb 04 20:11:01.715882 2019] [core:info] [pid 1:tid 140716288870272] AH00096: removed PID file /usr/local/apache2/logs/httpd.pid (pid=1)
[Mon Feb 04 20:11:01.717051 2019] [mpm_event:notice] [pid 1:tid 140716288870272] AH00491: caught SIGTERM, shutting down
AH00558: httpd: Could not reliably determine the server's fully qualified domain name, using 172.30.0.3. Set the 'ServerName' directive globally to suppress this message
[Mon Feb 04 20:13:08.721072 2019] [mpm_event:notice] [pid 1:tid 140687787181952] AH00489: Apache/2.4.20 (Unix) configured -- resuming normal operations
[Mon Feb 04 20:13:08.725289 2019] [mpm_event:info] [pid 1:tid 140687787181952] AH00490: Server built: Jun  7 2016 17:55:26
[Mon Feb 04 20:13:08.735476 2019] [core:notice] [pid 1:tid 140687787181952] AH00094: Command line: 'httpd -D FOREGROUND'
[Mon Feb 04 20:17:09.119925 2019] [core:info] [pid 1:tid 140687787181952] AH00096: removed PID file /usr/local/apache2/logs/httpd.pid (pid=1)
[Mon Feb 04 20:17:09.127876 2019] [mpm_event:notice] [pid 1:tid 140687787181952] AH00491: caught SIGTERM, shutting down
AH00558: httpd: Could not reliably determine the server's fully qualified domain name, using 172.30.0.3. Set the 'ServerName' directive globally to suppress this message
[Mon Feb 04 20:18:30.092652 2019] [mpm_event:notice] [pid 1:tid 139949559441280] AH00489: Apache/2.4.20 (Unix) configured -- resuming normal operations
[Mon Feb 04 20:18:30.106971 2019] [mpm_event:info] [pid 1:tid 139949559441280] AH00490: Server built: Jun  7 2016 17:55:26
[Mon Feb 04 20:18:30.112330 2019] [core:notice] [pid 1:tid 139949559441280] AH00094: Command line: 'httpd -D FOREGROUND'
AH00558: httpd: Could not reliably determine the server's fully qualified domain name, using 172.31.0.2. Set the 'ServerName' directive globally to suppress this message
[Mon Feb 04 20:21:47.132886 2019] [mpm_event:notice] [pid 1:tid 140401139124096] AH00489: Apache/2.4.20 (Unix) configured -- resuming normal operations
[Mon Feb 04 20:21:47.140834 2019] [mpm_event:info] [pid 1:tid 140401139124096] AH00490: Server built: Jun  7 2016 17:55:26
[Mon Feb 04 20:21:47.141889 2019] [core:notice] [pid 1:tid 140401139124096] AH00094: Command line: 'httpd -D FOREGROUND'
[Mon Feb 04 20:26:58.607332 2019] [core:info] [pid 1:tid 140401139124096] AH00096: removed PID file /usr/local/apache2/logs/httpd.pid (pid=1)
[Mon Feb 04 20:26:58.607934 2019] [mpm_event:notice] [pid 1:tid 140401139124096] AH00491: caught SIGTERM, shutting down
AH00558: httpd: Could not reliably determine the server's fully qualified domain name, using 172.31.0.3. Set the 'ServerName' directive globally to suppress this message
[Mon Feb 04 20:27:37.736159 2019] [mpm_event:notice] [pid 1:tid 140525912237952] AH00489: Apache/2.4.20 (Unix) configured -- resuming normal operations
[Mon Feb 04 20:27:37.737148 2019] [mpm_event:info] [pid 1:tid 140525912237952] AH00490: Server built: Jun  7 2016 17:55:26
[Mon Feb 04 20:27:37.737833 2019] [core:notice] [pid 1:tid 140525912237952] AH00094: Command line: 'httpd -D FOREGROUND'
[Mon Feb 04 20:30:49.086332 2019] [core:info] [pid 1:tid 140525912237952] AH00096: removed PID file /usr/local/apache2/logs/httpd.pid (pid=1)
[Mon Feb 04 20:30:49.111440 2019] [mpm_event:notice] [pid 1:tid 140525912237952] AH00491: caught SIGTERM, shutting down
AH00558: httpd: Could not reliably determine the server's fully qualified domain name, using 192.168.0.3. Set the 'ServerName' directive globally to suppress this message
[Mon Feb 11 20:32:05.052836 2019] [mpm_event:notice] [pid 1:tid 140254958823296] AH00489: Apache/2.4.20 (Unix) configured -- resuming normal operations
[Mon Feb 11 20:32:05.053767 2019] [mpm_event:info] [pid 1:tid 140254958823296] AH00490: Server built: Jun  7 2016 17:55:26
[Mon Feb 11 20:32:05.054466 2019] [core:notice] [pid 1:tid 140254958823296] AH00094: Command line: 'httpd -D FOREGROUND'
[Mon Feb 11 20:42:47.860110 2019] [core:info] [pid 1:tid 140254958823296] AH00096: removed PID file /usr/local/apache2/logs/httpd.pid (pid=1)
[Mon Feb 11 20:42:47.862814 2019] [mpm_event:notice] [pid 1:tid 140254958823296] AH00491: caught SIGTERM, shutting down
AH00558: httpd: Could not reliably determine the server's fully qualified domain name, using 192.168.16.3. Set the 'ServerName' directive globally to suppress this message
[Mon Feb 11 20:44:20.694641 2019] [mpm_event:notice] [pid 1:tid 140119122405248] AH00489: Apache/2.4.20 (Unix) configured -- resuming normal operations
[Mon Feb 11 20:44:20.695905 2019] [mpm_event:info] [pid 1:tid 140119122405248] AH00490: Server built: Jun  7 2016 17:55:26
[Mon Feb 11 20:44:20.696649 2019] [core:notice] [pid 1:tid 140119122405248] AH00094: Command line: 'httpd -D FOREGROUND'
[Mon Feb 11 21:04:02.454468 2019] [core:info] [pid 1:tid 140119122405248] AH00096: removed PID file /usr/local/apache2/logs/httpd.pid (pid=1)
[Mon Feb 11 21:04:02.455046 2019] [mpm_event:notice] [pid 1:tid 140119122405248] AH00491: caught SIGTERM, shutting down
AH00558: httpd: Could not reliably determine the server's fully qualified domain name, using 192.168.32.3. Set the 'ServerName' directive globally to suppress this message
[Mon Feb 11 21:06:25.079910 2019] [mpm_event:notice] [pid 1:tid 140559891916672] AH00489: Apache/2.4.20 (Unix) configured -- resuming normal operations
[Mon Feb 11 21:06:25.083031 2019] [mpm_event:info] [pid 1:tid 140559891916672] AH00490: Server built: Jun  7 2016 17:55:26
[Mon Feb 11 21:06:25.083681 2019] [core:notice] [pid 1:tid 140559891916672] AH00094: Command line: 'httpd -D FOREGROUND'
AH00558: httpd: Could not reliably determine the server's fully qualified domain name, using 192.168.48.2. Set the 'ServerName' directive globally to suppress this message
[Mon Feb 11 21:26:00.377664 2019] [mpm_event:notice] [pid 1:tid 140710911215488] AH00489: Apache/2.4.20 (Unix) configured -- resuming normal operations
[Mon Feb 11 21:26:00.381875 2019] [mpm_event:info] [pid 1:tid 140710911215488] AH00490: Server built: Jun  7 2016 17:55:26
[Mon Feb 11 21:26:00.384241 2019] [core:notice] [pid 1:tid 140710911215488] AH00094: Command line: 'httpd -D FOREGROUND'
[Mon Feb 11 21:30:24.026789 2019] [core:info] [pid 1:tid 140710911215488] AH00096: removed PID file /usr/local/apache2/logs/httpd.pid (pid=1)
[Mon Feb 11 21:30:24.027758 2019] [mpm_event:notice] [pid 1:tid 140710911215488] AH00491: caught SIGTERM, shutting down
AH00558: httpd: Could not reliably determine the server's fully qualified domain name, using 192.168.80.3. Set the 'ServerName' directive globally to suppress this message
[Mon Feb 11 21:31:25.668764 2019] [mpm_event:notice] [pid 1:tid 140645706815360] AH00489: Apache/2.4.20 (Unix) configured -- resuming normal operations
[Mon Feb 11 21:31:25.699545 2019] [mpm_event:info] [pid 1:tid 140645706815360] AH00490: Server built: Jun  7 2016 17:55:26
[Mon Feb 11 21:31:25.701915 2019] [core:notice] [pid 1:tid 140645706815360] AH00094: Command line: 'httpd -D FOREGROUND'
[Mon Feb 11 21:39:26.985827 2019] [core:info] [pid 1:tid 140645706815360] AH00096: removed PID file /usr/local/apache2/logs/httpd.pid (pid=1)
[Mon Feb 11 21:39:27.011888 2019] [mpm_event:notice] [pid 1:tid 140645706815360] AH00491: caught SIGTERM, shutting down
AH00558: httpd: Could not reliably determine the server's fully qualified domain name, using 192.168.96.2. Set the 'ServerName' directive globally to suppress this message
[Mon Feb 11 21:40:16.876450 2019] [mpm_event:notice] [pid 1:tid 140107626743680] AH00489: Apache/2.4.20 (Unix) configured -- resuming normal operations
[Mon Feb 11 21:40:16.881206 2019] [mpm_event:info] [pid 1:tid 140107626743680] AH00490: Server built: Jun  7 2016 17:55:26
[Mon Feb 11 21:40:16.881989 2019] [core:notice] [pid 1:tid 140107626743680] AH00094: Command line: 'httpd -D FOREGROUND'
AH00558: httpd: Could not reliably determine the server's fully qualified domain name, using 192.168.112.3. Set the 'ServerName' directive globally to suppress this message
[Mon Feb 11 21:46:07.527194 2019] [mpm_event:notice] [pid 1:tid 140086676912000] AH00489: Apache/2.4.20 (Unix) configured -- resuming normal operations
[Mon Feb 11 21:46:07.528495 2019] [mpm_event:info] [pid 1:tid 140086676912000] AH00490: Server built: Jun  7 2016 17:55:26
[Mon Feb 11 21:46:07.529149 2019] [core:notice] [pid 1:tid 140086676912000] AH00094: Command line: 'httpd -D FOREGROUND'
[Mon Feb 11 21:54:43.098798 2019] [core:info] [pid 1:tid 140086676912000] AH00096: removed PID file /usr/local/apache2/logs/httpd.pid (pid=1)
[Mon Feb 11 21:54:43.099428 2019] [mpm_event:notice] [pid 1:tid 140086676912000] AH00491: caught SIGTERM, shutting down
AH00558: httpd: Could not reliably determine the server's fully qualified domain name, using 192.168.128.2. Set the 'ServerName' directive globally to suppress this message
[Mon Feb 11 21:56:48.762126 2019] [mpm_event:notice] [pid 1:tid 140566978529152] AH00489: Apache/2.4.20 (Unix) configured -- resuming normal operations
[Mon Feb 11 21:56:48.766898 2019] [mpm_event:info] [pid 1:tid 140566978529152] AH00490: Server built: Jun  7 2016 17:55:26
[Mon Feb 11 21:56:48.768648 2019] [core:notice] [pid 1:tid 140566978529152] AH00094: Command line: 'httpd -D FOREGROUND'
[Mon Feb 11 22:03:27.841709 2019] [core:info] [pid 1:tid 140566978529152] AH00096: removed PID file /usr/local/apache2/logs/httpd.pid (pid=1)
[Mon Feb 11 22:03:27.844894 2019] [mpm_event:notice] [pid 1:tid 140566978529152] AH00491: caught SIGTERM, shutting down
AH00558: httpd: Could not reliably determine the server's fully qualified domain name, using 192.168.144.2. Set the 'ServerName' directive globally to suppress this message
[Mon Feb 11 22:03:48.831067 2019] [mpm_event:notice] [pid 1:tid 140089140090752] AH00489: Apache/2.4.20 (Unix) configured -- resuming normal operations
[Mon Feb 11 22:03:48.840951 2019] [mpm_event:info] [pid 1:tid 140089140090752] AH00490: Server built: Jun  7 2016 17:55:26
[Mon Feb 11 22:03:48.842188 2019] [core:notice] [pid 1:tid 140089140090752] AH00094: Command line: 'httpd -D FOREGROUND'
AH00558: httpd: Could not reliably determine the server's fully qualified domain name, using 192.168.144.3. Set the 'ServerName' directive globally to suppress this message
[Mon Feb 11 22:11:35.628325 2019] [mpm_event:notice] [pid 1:tid 140125822846848] AH00489: Apache/2.4.20 (Unix) configured -- resuming normal operations
[Mon Feb 11 22:11:35.634957 2019] [mpm_event:info] [pid 1:tid 140125822846848] AH00490: Server built: Jun  7 2016 17:55:26
[Mon Feb 11 22:11:35.635447 2019] [core:notice] [pid 1:tid 140125822846848] AH00094: Command line: 'httpd -D FOREGROUND'
[Mon Feb 11 22:12:33.898494 2019] [core:info] [pid 1:tid 140125822846848] AH00096: removed PID file /usr/local/apache2/logs/httpd.pid (pid=1)
[Mon Feb 11 22:12:33.935248 2019] [mpm_event:notice] [pid 1:tid 140125822846848] AH00491: caught SIGTERM, shutting down
AH00558: httpd: Could not reliably determine the server's fully qualified domain name, using 192.168.160.3. Set the 'ServerName' directive globally to suppress this message
[Mon Feb 11 22:13:21.273630 2019] [mpm_event:notice] [pid 1:tid 140546172532608] AH00489: Apache/2.4.20 (Unix) configured -- resuming normal operations
[Mon Feb 11 22:13:21.276193 2019] [mpm_event:info] [pid 1:tid 140546172532608] AH00490: Server built: Jun  7 2016 17:55:26
[Mon Feb 11 22:13:21.278772 2019] [core:notice] [pid 1:tid 140546172532608] AH00094: Command line: 'httpd -D FOREGROUND'
[Mon Feb 11 22:24:51.014626 2019] [core:info] [pid 1:tid 140546172532608] AH00096: removed PID file /usr/local/apache2/logs/httpd.pid (pid=1)
[Mon Feb 11 22:24:51.017001 2019] [mpm_event:notice] [pid 1:tid 140546172532608] AH00491: caught SIGTERM, shutting down
AH00558: httpd: Could not reliably determine the server's fully qualified domain name, using 192.168.176.2. Set the 'ServerName' directive globally to suppress this message
[Mon Feb 11 22:25:14.996968 2019] [mpm_event:notice] [pid 1:tid 140425153103744] AH00489: Apache/2.4.20 (Unix) configured -- resuming normal operations
[Mon Feb 11 22:25:14.997756 2019] [mpm_event:info] [pid 1:tid 140425153103744] AH00490: Server built: Jun  7 2016 17:55:26
[Mon Feb 11 22:25:14.999595 2019] [core:notice] [pid 1:tid 140425153103744] AH00094: Command line: 'httpd -D FOREGROUND'
[Mon Feb 11 22:25:58.913773 2019] [core:info] [pid 1:tid 140425153103744] AH00096: removed PID file /usr/local/apache2/logs/httpd.pid (pid=1)
[Mon Feb 11 22:25:58.917253 2019] [mpm_event:notice] [pid 1:tid 140425153103744] AH00491: caught SIGTERM, shutting down
AH00558: httpd: Could not reliably determine the server's fully qualified domain name, using 192.168.192.2. Set the 'ServerName' directive globally to suppress this message
[Mon Feb 11 22:26:40.953291 2019] [mpm_event:notice] [pid 1:tid 139868907460480] AH00489: Apache/2.4.20 (Unix) configured -- resuming normal operations
[Mon Feb 11 22:26:40.959128 2019] [mpm_event:info] [pid 1:tid 139868907460480] AH00490: Server built: Jun  7 2016 17:55:26
[Mon Feb 11 22:26:40.961102 2019] [core:notice] [pid 1:tid 139868907460480] AH00094: Command line: 'httpd -D FOREGROUND'
AH00558: httpd: Could not reliably determine the server's fully qualified domain name, using 192.168.208.3. Set the 'ServerName' directive globally to suppress this message
[Mon Feb 11 22:32:52.806002 2019] [mpm_event:notice] [pid 1:tid 139695996192640] AH00489: Apache/2.4.20 (Unix) configured -- resuming normal operations
[Mon Feb 11 22:32:52.849949 2019] [mpm_event:info] [pid 1:tid 139695996192640] AH00490: Server built: Jun  7 2016 17:55:26
[Mon Feb 11 22:32:52.850916 2019] [core:notice] [pid 1:tid 139695996192640] AH00094: Command line: 'httpd -D FOREGROUND'
[Mon Feb 11 22:41:16.475506 2019] [core:info] [pid 1:tid 139695996192640] AH00096: removed PID file /usr/local/apache2/logs/httpd.pid (pid=1)
[Mon Feb 11 22:41:16.476622 2019] [mpm_event:notice] [pid 1:tid 139695996192640] AH00491: caught SIGTERM, shutting down
AH00558: httpd: Could not reliably determine the server's fully qualified domain name, using 192.168.224.3. Set the 'ServerName' directive globally to suppress this message
[Mon Feb 11 22:41:44.290955 2019] [mpm_event:notice] [pid 1:tid 139837533349760] AH00489: Apache/2.4.20 (Unix) configured -- resuming normal operations
[Mon Feb 11 22:41:44.298560 2019] [mpm_event:info] [pid 1:tid 139837533349760] AH00490: Server built: Jun  7 2016 17:55:26
[Mon Feb 11 22:41:44.299842 2019] [core:notice] [pid 1:tid 139837533349760] AH00094: Command line: 'httpd -D FOREGROUND'
